<?xml version="1.0" encoding="UTF-8" ?>
<testsuites name="vitest tests" tests="44" failures="0" errors="0" time="0.1307732">
    <testsuite name="src/proxy.test.ts" timestamp="2026-08-18T00:07:34.000Z" hostname="ROG-FLOW" tests="22" failures="0" errors="0" skipped="0" time="0.0301148">
        <testcase classname="src/proxy.test.ts" name="extractLocaleFromPath &gt; extracts path &quot;/es/dashboard&quot; as es" time="0.0018307">
        </testcase>
        <testcase classname="src/proxy.test.ts" name="extractLocaleFromPath &gt; extracts path &quot;/en&quot; as en" time="0.0002514">
        </testcase>
        <testcase classname="src/proxy.test.ts" name="extractLocaleFromPath &gt; extracts path &quot;/fr/dashboard&quot; as undefined" time="0.0001403">
        </testcase>
        <testcase classname="src/proxy.test.ts" name="extractLocaleFromPath &gt; extracts path &quot;/about&quot; as undefined" time="0.0001638">
        </testcase>
        <testcase classname="src/proxy.test.ts" name="extractLocaleFromPath &gt; extracts path &quot;/&quot; as undefined" time="0.0001325">
        </testcase>
        <testcase classname="src/proxy.test.ts" name="readLocaleFromCookie &gt; resolves cookie state {&quot;cookies&quot;:{&quot;NEXT_LOCALE&quot;:&quot;en&quot;}} to en" time="0.0039404">
        </testcase>
        <testcase classname="src/proxy.test.ts" name="readLocaleFromCookie &gt; resolves cookie state {} to undefined" time="0.0005515">
        </testcase>
        <testcase classname="src/proxy.test.ts" name="readLocaleFromCookie &gt; resolves cookie state {&quot;cookies&quot;:{&quot;NEXT_LOCALE&quot;:&quot;fr&quot;}} to undefined" time="0.0003709">
        </testcase>
        <testcase classname="src/proxy.test.ts" name="negotiateHeaderLocale &gt; negotiates header state {&quot;headers&quot;:{&quot;accept-language&quot;:&quot;en-US,en;q=0.8&quot;}} to en" time="0.0039309">
        </testcase>
        <testcase classname="src/proxy.test.ts" name="negotiateHeaderLocale &gt; negotiates header state {} to es" time="0.0004804">
        </testcase>
        <testcase classname="src/proxy.test.ts" name="negotiateHeaderLocale &gt; negotiates header state {&quot;headers&quot;:{&quot;accept-language&quot;:&quot;de-DE,de;q=0.9&quot;}} to es" time="0.0031732">
        </testcase>
        <testcase classname="src/proxy.test.ts" name="negotiateHeaderLocale &gt; returns default locale when accept-language header contains malformed BCP 47 tags" time="0.0004588">
        </testcase>
        <testcase classname="src/proxy.test.ts" name="resolvePreferredLocale &gt; resolves preferred locale for {&quot;cookies&quot;:{&quot;NEXT_LOCALE&quot;:&quot;en&quot;},&quot;headers&quot;:{&quot;accept-language&quot;:&quot;es-ES,es;q=0.9&quot;}} as en" time="0.0002835">
        </testcase>
        <testcase classname="src/proxy.test.ts" name="resolvePreferredLocale &gt; resolves preferred locale for {&quot;headers&quot;:{&quot;accept-language&quot;:&quot;en-US,en;q=0.9&quot;}} as en" time="0.0006847">
        </testcase>
        <testcase classname="src/proxy.test.ts" name="handleExistingLocalePath &gt; syncs cookie on mismatch and skips when aligned" time="0.0027864">
        </testcase>
        <testcase classname="src/proxy.test.ts" name="handleMissingLocalePath &gt; redirects with preferred locale and updates cookie" time="0.0007447">
        </testcase>
        <testcase classname="src/proxy.test.ts" name="Middleware Orchestrator Integration &gt; redirects unlocalized path to preferred locale path" time="0.0004779">
        </testcase>
        <testcase classname="src/proxy.test.ts" name="Middleware Orchestrator Integration &gt; passes through and updates cookie when visiting different locale directly" time="0.0003112">
        </testcase>
        <testcase classname="src/proxy.test.ts" name="Middleware Orchestrator Integration &gt; returns undefined to proceed when path locale matches cookie" time="0.000191">
        </testcase>
        <testcase classname="src/proxy.test.ts" name="Strict Edge Cases &amp; Regressions &gt; preserves query parameters and URL search params during redirection" time="0.0004335">
        </testcase>
        <testcase classname="src/proxy.test.ts" name="Strict Edge Cases &amp; Regressions &gt; picks secondary supported language in Accept-Language header over default fallback" time="0.0052422">
        </testcase>
        <testcase classname="src/proxy.test.ts" name="Strict Edge Cases &amp; Regressions &gt; handles root path redirection correctly" time="0.0008581">
        </testcase>
    </testsuite>
    <testsuite name="src/config/env/env.test.ts" timestamp="2026-08-18T00:07:34.006Z" hostname="ROG-FLOW" tests="5" failures="0" errors="0" skipped="0" time="0.0080327">
        <testcase classname="src/config/env/env.test.ts" name="createEnv &gt; should successfully parse valid environment variables" time="0.0030362">
        </testcase>
        <testcase classname="src/config/env/env.test.ts" name="createEnv &gt; should throw an error when validation fails" time="0.0016596">
        </testcase>
        <testcase classname="src/config/env/env.test.ts" name="createEnv &gt; should return a frozen, immutable object" time="0.0007191">
        </testcase>
        <testcase classname="src/config/env/env.test.ts" name="env integration &gt; should successfully expose merged server and client properties" time="0.0002865">
        </testcase>
        <testcase classname="src/config/env/env.test.ts" name="env integration &gt; should be frozen at the top level" time="0.0002921">
        </testcase>
    </testsuite>
    <testsuite name="src/config/i18n/dictionaries.test.ts" timestamp="2026-08-18T00:07:34.007Z" hostname="ROG-FLOW" tests="12" failures="0" errors="0" skipped="0" time="0.0321471">
        <testcase classname="src/config/i18n/dictionaries.test.ts" name="isSupportedLanguage &gt; evaluates language code &quot;es&quot; as true" time="0.0017711">
        </testcase>
        <testcase classname="src/config/i18n/dictionaries.test.ts" name="isSupportedLanguage &gt; evaluates language code &quot;en&quot; as true" time="0.000207">
        </testcase>
        <testcase classname="src/config/i18n/dictionaries.test.ts" name="isSupportedLanguage &gt; evaluates language code &quot;fr&quot; as false" time="0.0001185">
        </testcase>
        <testcase classname="src/config/i18n/dictionaries.test.ts" name="isSupportedLanguage &gt; evaluates language code &quot;de&quot; as false" time="0.0001558">
        </testcase>
        <testcase classname="src/config/i18n/dictionaries.test.ts" name="isSupportedLanguage &gt; evaluates language code &quot;&quot; as false" time="0.0001217">
        </testcase>
        <testcase classname="src/config/i18n/dictionaries.test.ts" name="isSupportedLanguage &gt; evaluates language code &quot;es-CL&quot; as false" time="0.0000962">
        </testcase>
        <testcase classname="src/config/i18n/dictionaries.test.ts" name="getDictionary &gt; resolves dictionary payload for language &quot;es&quot; and namespace &quot;metadata&quot;" time="0.0219535">
        </testcase>
        <testcase classname="src/config/i18n/dictionaries.test.ts" name="getDictionary &gt; resolves dictionary payload for language &quot;en&quot; and namespace &quot;metadata&quot;" time="0.0046355">
        </testcase>
        <testcase classname="src/config/i18n/dictionaries.test.ts" name="getDictionary &gt; falls back safely to default locale (es) when an unsupported language is provided" time="0.0005787">
        </testcase>
        <testcase classname="src/config/i18n/dictionaries.test.ts" name="getDictionary &gt; falls back safely to default locale namespace loader when an invalid namespace is provided" time="0.0002755">
        </testcase>
        <testcase classname="src/config/i18n/dictionaries.test.ts" name="React Cache &amp; Async Resolution &gt; returns a promise that resolves the expected schema structure" time="0.0003327">
        </testcase>
        <testcase classname="src/config/i18n/dictionaries.test.ts" name="React Cache &amp; Async Resolution &gt; consistently resolves identical dictionary results across sequential cached calls" time="0.0001428">
        </testcase>
    </testsuite>
    <testsuite name="src/components/tools/grid-overlay/grid-overlay.test.tsx" timestamp="2026-08-18T00:07:34.009Z" hostname="ROG-FLOW" tests="5" failures="0" errors="0" skipped="0" time="0.0604786">
        <testcase classname="src/components/tools/grid-overlay/grid-overlay.test.tsx" name="GridOverlay &gt; should not be rendered in production" time="0.0336621">
        </testcase>
        <testcase classname="src/components/tools/grid-overlay/grid-overlay.test.tsx" name="GridOverlay &gt; should be hidden by default" time="0.0026865">
        </testcase>
        <testcase classname="src/components/tools/grid-overlay/grid-overlay.test.tsx" name="GridOverlay &gt; should toggle visibility by pressing Ctrl + Shift + G" time="0.0106629">
        </testcase>
        <testcase classname="src/components/tools/grid-overlay/grid-overlay.test.tsx" name="GridOverlay &gt; should toggle visibility by pressing Cmd + Shift + G" time="0.0032382">
        </testcase>
        <testcase classname="src/components/tools/grid-overlay/grid-overlay.test.tsx" name="GridOverlay &gt; should not be triggered if user is typing in an input field" time="0.0074404">
        </testcase>
    </testsuite>
</testsuites>
